<?xml version="1.0" encoding="UTF-8"?>
<!-- Generated by org.testng.reporters.JUnitReportReporter -->
<testsuite hostname="RJ" name="com.ecommerce.tests.readdatafromexcel" tests="2" failures="0" timestamp="29 Aug 2019 16:50:52 GMT" time="48.456" errors="0">
  <testcase name="getdatafromarraylist" time="25.529" classname="com.ecommerce.tests.readdatafromexcel"/>
  <testcase name="getdatafromarraylist" time="22.927" classname="com.ecommerce.tests.readdatafromexcel"/>
</testsuite> <!-- com.ecommerce.tests.readdatafromexcel -->
