<?xml version="1.0" encoding="UTF-8"?>
<!-- Generated by org.testng.reporters.JUnitReportReporter -->
<testsuite hostname="RJ" name="com.ecommerce.tests.popups" tests="1" failures="0" timestamp="21 Aug 2019 15:56:14 GMT" time="30.992" errors="0">
  <testcase name="fileuploadpopup" time="30.992" classname="com.ecommerce.tests.popups"/>
</testsuite> <!-- com.ecommerce.tests.popups -->
