<?xml version="1.0" encoding="UTF-8"?>
<!-- Generated by org.testng.reporters.JUnitReportReporter -->
<testsuite hostname="RJ" name="com.ecommerce.baselayer.TestBase" tests="1" failures="0" timestamp="21 Aug 2019 14:12:20 GMT" time="17.888" errors="0">
  <testcase name="initialization" time="17.888" classname="com.ecommerce.baselayer.TestBase"/>
</testsuite> <!-- com.ecommerce.baselayer.TestBase -->
