<?xml version="1.0" encoding="UTF-8"?>
<!-- Generated by org.testng.reporters.JUnitReportReporter -->
<testsuite hostname="RJ" name="com.ecommerce.tests.draganddrop" tests="1" failures="0" timestamp="21 Aug 2019 16:42:00 GMT" time="16.092" errors="0">
  <testcase name="dragdrop" time="16.092" classname="com.ecommerce.tests.draganddrop"/>
</testsuite> <!-- com.ecommerce.tests.draganddrop -->
