<?xml version="1.0" encoding="UTF-8"?>
<!-- Generated by org.testng.reporters.JUnitReportReporter -->
<testsuite hostname="RJ" name="com.ecommerce.tests.javascriptexecutor" tests="1" failures="0" timestamp="22 Aug 2019 15:21:03 GMT" time="16.165" errors="0">
  <testcase name="flash" time="16.165" classname="com.ecommerce.tests.javascriptexecutor"/>
</testsuite> <!-- com.ecommerce.tests.javascriptexecutor -->
