<?xml version="1.0" encoding="UTF-8"?>
<!-- Generated by org.testng.reporters.JUnitReportReporter -->
<testsuite hostname="RJ" name="com.ecommerce.baselayer.utilschk" tests="1" failures="0" timestamp="29 Aug 2019 16:45:29 GMT" time="1.045" errors="0">
  <testcase name="hashintoarraytest" time="1.045" classname="com.ecommerce.baselayer.utilschk"/>
</testsuite> <!-- com.ecommerce.baselayer.utilschk -->
