<?xml version="1.0" encoding="UTF-8"?>
<!-- Generated by org.testng.reporters.JUnitReportReporter -->
<testsuite hostname="RJ" name="com.ecommerce.tests.bootstrapdropdown" tests="1" failures="0" timestamp="23 Aug 2019 15:20:51 GMT" time="16.786" errors="0">
  <testcase name="bootstrap" time="16.786" classname="com.ecommerce.tests.bootstrapdropdown"/>
</testsuite> <!-- com.ecommerce.tests.bootstrapdropdown -->
