<?xml version="1.0" encoding="UTF-8"?>
<!-- Generated by org.testng.reporters.JUnitReportReporter -->
<testsuite hostname="RJ" name="com.ecommerce.tests.basicfunctions" tests="1" failures="0" timestamp="22 Aug 2019 15:39:31 GMT" time="19.795" errors="0">
  <testcase name="isdisplayed" time="19.795" classname="com.ecommerce.tests.basicfunctions"/>
</testsuite> <!-- com.ecommerce.tests.basicfunctions -->
