<?xml version="1.0" encoding="UTF-8"?>
<!-- Generated by org.testng.reporters.JUnitReportReporter -->
<testsuite hostname="RJ" name="com.ecommerce.tests.dynamicwebtable" tests="2" failures="0" timestamp="23 Aug 2019 16:30:31 GMT" time="19.198" errors="0">
  <testcase name="customxpath" time="10.523" classname="com.ecommerce.tests.dynamicwebtable"/>
  <testcase name="tablevalue" time="8.675" classname="com.ecommerce.tests.dynamicwebtable"/>
</testsuite> <!-- com.ecommerce.tests.dynamicwebtable -->
