<?xml version="1.0" encoding="UTF-8"?>
<!-- Generated by org.testng.reporters.JUnitReportReporter -->
<testsuite hostname="RJ" name="com.ecommerce.tests.dynamicwebsearch" tests="1" failures="0" timestamp="23 Aug 2019 14:53:55 GMT" time="8.069" errors="0">
  <testcase name="dynaicgooglesearch" time="8.069" classname="com.ecommerce.tests.dynamicwebsearch"/>
</testsuite> <!-- com.ecommerce.tests.dynamicwebsearch -->
