<?xml version="1.0" encoding="UTF-8"?>
<!-- Generated by org.testng.reporters.JUnitReportReporter -->
<testsuite hostname="RJ" name="com.ecommerce.tests.locators" tests="1" failures="0" timestamp="21 Aug 2019 15:17:07 GMT" time="50.250" errors="0">
  <testcase name="dropdown" time="50.250" classname="com.ecommerce.tests.locators"/>
</testsuite> <!-- com.ecommerce.tests.locators -->
