<?xml version="1.0" encoding="UTF-8"?>
<!-- Generated by org.testng.reporters.JUnitReportReporter -->
<testsuite hostname="RJ" name="com.ecommerce.baselayer.Utils" tests="1" failures="0" timestamp="29 Aug 2019 15:13:17 GMT" time="0.924" errors="0">
  <testcase name="hashintoarraytest" time="0.924" classname="com.ecommerce.baselayer.Utils"/>
</testsuite> <!-- com.ecommerce.baselayer.Utils -->
