<?xml version="1.0" encoding="UTF-8"?>
<!-- Generated by org.testng.reporters.JUnitReportReporter -->
<testsuite hostname="RJ" name="com.ecommerce.tests.headlessbrowser" tests="1" failures="0" timestamp="23 Aug 2019 16:41:49 GMT" time="5.682" errors="0">
  <testcase name="headlessusingchromeoptions" time="5.682" classname="com.ecommerce.tests.headlessbrowser"/>
</testsuite> <!-- com.ecommerce.tests.headlessbrowser -->
